<?xml version="1.0" encoding="UTF-8"?>
<coverage generated="1677747836368" clover="3.2.0">
  <project timestamp="1677747836371" name="All files">
    <metrics statements="20" coveredstatements="16" conditionals="2" coveredconditionals="0" methods="8" coveredmethods="6" elements="30" coveredelements="22" complexity="0" loc="20" ncloc="20" packages="1" files="1" classes="1"/>
    <file name="status.js" path="C:\Users\mumoe\OneDrive\Desktop\Microverse Projects\Js best practices\src\status.js">
      <metrics statements="20" coveredstatements="16" conditionals="2" coveredconditionals="0" methods="8" coveredmethods="6"/>
      <line num="1" count="1" type="stmt"/>
      <line num="2" count="2" type="stmt"/>
      <line num="5" count="1" type="stmt"/>
      <line num="6" count="0" type="stmt"/>
      <line num="7" count="0" type="cond" truecount="0" falsecount="2"/>
      <line num="8" count="0" type="stmt"/>
      <line num="11" count="0" type="stmt"/>
      <line num="14" count="1" type="stmt"/>
      <line num="15" count="1" type="stmt"/>
      <line num="16" count="1" type="stmt"/>
      <line num="17" count="1" type="stmt"/>
      <line num="20" count="1" type="stmt"/>
      <line num="21" count="1" type="stmt"/>
      <line num="22" count="1" type="stmt"/>
      <line num="23" count="2" type="stmt"/>
      <line num="24" count="2" type="stmt"/>
      <line num="28" count="1" type="stmt"/>
      <line num="29" count="3" type="stmt"/>
      <line num="30" count="1" type="stmt"/>
      <line num="31" count="1" type="stmt"/>
    </file>
  </project>
</coverage>
