{"C:\\Users\\mumoe\\OneDrive\\Desktop\\Microverse Projects\\Js best practices\\src\\status.js": {"path":"C:\\Users\\mumoe\\OneDrive\\Desktop\\Microverse Projects\\Js best practices\\src\\status.js","statementMap":{"0":{"start":{"line":1,"column":25},"end":{"line":3,"column":1}},"1":{"start":{"line":2,"column":2},"end":{"line":2,"column":66}},"2":{"start":{"line":5,"column":22},"end":{"line":12,"column":1}},"3":{"start":{"line":6,"column":2},"end":{"line":10,"column":5}},"4":{"start":{"line":7,"column":4},"end":{"line":9,"column":5}},"5":{"start":{"line":8,"column":6},"end":{"line":8,"column":43}},"6":{"start":{"line":11,"column":2},"end":{"line":11,"column":18}},"7":{"start":{"line":14,"column":19},"end":{"line":18,"column":1}},"8":{"start":{"line":15,"column":2},"end":{"line":15,"column":111}},"9":{"start":{"line":16,"column":2},"end":{"line":16,"column":48}},"10":{"start":{"line":17,"column":2},"end":{"line":17,"column":18}},"11":{"start":{"line":20,"column":27},"end":{"line":26,"column":1}},"12":{"start":{"line":21,"column":10},"end":{"line":21,"column":11}},"13":{"start":{"line":22,"column":2},"end":{"line":25,"column":5}},"14":{"start":{"line":23,"column":4},"end":{"line":23,"column":19}},"15":{"start":{"line":24,"column":4},"end":{"line":24,"column":11}},"16":{"start":{"line":28,"column":26},"end":{"line":32,"column":1}},"17":{"start":{"line":29,"column":2},"end":{"line":29,"column":59}},"18":{"start":{"line":29,"column":31},"end":{"line":29,"column":57}},"19":{"start":{"line":30,"column":2},"end":{"line":30,"column":20}},"20":{"start":{"line":31,"column":2},"end":{"line":31,"column":18}}},"fnMap":{"0":{"name":"(anonymous_0)","decl":{"start":{"line":1,"column":25},"end":{"line":1,"column":26}},"loc":{"start":{"line":1,"column":35},"end":{"line":3,"column":1}},"line":1},"1":{"name":"(anonymous_1)","decl":{"start":{"line":5,"column":22},"end":{"line":5,"column":23}},"loc":{"start":{"line":5,"column":38},"end":{"line":12,"column":1}},"line":5},"2":{"name":"(anonymous_2)","decl":{"start":{"line":6,"column":15},"end":{"line":6,"column":16}},"loc":{"start":{"line":6,"column":25},"end":{"line":10,"column":3}},"line":6},"3":{"name":"(anonymous_3)","decl":{"start":{"line":14,"column":19},"end":{"line":14,"column":20}},"loc":{"start":{"line":14,"column":29},"end":{"line":18,"column":1}},"line":14},"4":{"name":"(anonymous_4)","decl":{"start":{"line":20,"column":27},"end":{"line":20,"column":28}},"loc":{"start":{"line":20,"column":37},"end":{"line":26,"column":1}},"line":20},"5":{"name":"(anonymous_5)","decl":{"start":{"line":22,"column":15},"end":{"line":22,"column":16}},"loc":{"start":{"line":22,"column":25},"end":{"line":25,"column":3}},"line":22},"6":{"name":"(anonymous_6)","decl":{"start":{"line":28,"column":26},"end":{"line":28,"column":27}},"loc":{"start":{"line":28,"column":36},"end":{"line":32,"column":1}},"line":28},"7":{"name":"(anonymous_7)","decl":{"start":{"line":29,"column":21},"end":{"line":29,"column":22}},"loc":{"start":{"line":29,"column":31},"end":{"line":29,"column":57}},"line":29}},"branchMap":{"0":{"loc":{"start":{"line":7,"column":4},"end":{"line":9,"column":5}},"type":"if","locations":[{"start":{"line":7,"column":4},"end":{"line":9,"column":5}},{"start":{},"end":{}}],"line":7}},"s":{"0":1,"1":2,"2":1,"3":0,"4":0,"5":0,"6":0,"7":1,"8":1,"9":1,"10":1,"11":1,"12":1,"13":1,"14":2,"15":2,"16":1,"17":1,"18":3,"19":1,"20":1},"f":{"0":2,"1":0,"2":0,"3":1,"4":1,"5":2,"6":1,"7":3},"b":{"0":[0,0]},"_coverageSchema":"1a1c01bbd47fc00a2c39e90264f33305004495a9","hash":"c6a42b9b68d2ccf2ab70bb4b87883bd62c76215a"}
}
