TN:
SF:src\status.js
FN:1,(anonymous_0)
FN:5,(anonymous_1)
FN:6,(anonymous_2)
FN:14,(anonymous_3)
FN:20,(anonymous_4)
FN:22,(anonymous_5)
FN:28,(anonymous_6)
FN:29,(anonymous_7)
FNF:8
FNH:6
FNDA:2,(anonymous_0)
FNDA:0,(anonymous_1)
FNDA:0,(anonymous_2)
FNDA:1,(anonymous_3)
FNDA:1,(anonymous_4)
FNDA:2,(anonymous_5)
FNDA:1,(anonymous_6)
FNDA:3,(anonymous_7)
DA:1,1
DA:2,2
DA:5,1
DA:6,0
DA:7,0
DA:8,0
DA:11,0
DA:14,1
DA:15,1
DA:16,1
DA:17,1
DA:20,1
DA:21,1
DA:22,1
DA:23,2
DA:24,2
DA:28,1
DA:29,3
DA:30,1
DA:31,1
LF:20
LH:16
BRDA:7,0,0,0
BRDA:7,0,1,0
BRF:2
BRH:0
end_of_record
